2023-07-20T00:20:34: ********************************************************************************
2023-07-20T00:20:34: *                                   csresmap                                   *
2023-07-20T00:20:34: * ---------------------------------------------------------------------------- *
2023-07-20T00:20:34: * Version: 1.7.4                                                               *
2023-07-20T00:20:34: ********************************************************************************
2023-07-20T00:20:34: +============+
2023-07-20T00:20:34: | Parameters |
2023-07-20T00:20:34: +============+
2023-07-20T00:20:34:  inobs .....................: [not queried]
2023-07-20T00:20:34:  inmodel ...................: [not queried]
2023-07-20T00:20:34:  modcube ...................: [not queried]
2023-07-20T00:20:34:  expcube ...................: [not queried]
2023-07-20T00:20:34:  psfcube ...................: [not queried]
2023-07-20T00:20:34:  edispcube .................: [not queried]
2023-07-20T00:20:34:  bkgcube ...................: [not queried]
2023-07-20T00:20:34:  caldb .....................: [not queried]
2023-07-20T00:20:34:  irf .......................: [not queried]
2023-07-20T00:20:34:  edisp .....................: no
2023-07-20T00:20:34:  outmap ....................: /home/idatauser/burtovoi/battlestar/CTA/CTA_GPS/analysis/PSR_J1838-0537/resmap_SUBDIV_0.03_100_FOV_4.0_binsz_0.02_GAL.fits
2023-07-20T00:20:34:  ebinalg ...................: LOG
2023-07-20T00:20:34:  emin ......................: 0.03
2023-07-20T00:20:34:  emax ......................: 100
2023-07-20T00:20:34:  enumbins ..................: 20
2023-07-20T00:20:34:  ebinfile ..................: NONE
2023-07-20T00:20:34:  ebingamma .................: 1.0
2023-07-20T00:20:34:  coordsys ..................: CEL
2023-07-20T00:20:34:  proj ......................: TAN
2023-07-20T00:20:34:  xref ......................: 279.733403884583
2023-07-20T00:20:34:  yref ......................: -5.61929989166666
2023-07-20T00:20:34:  nxpix .....................: 50
2023-07-20T00:20:34:  nypix .....................: 50
2023-07-20T00:20:34:  binsz .....................: 0.02
2023-07-20T00:20:34:  algorithm .................: SUBDIV
2023-07-20T00:20:34:  publish ...................: no
2023-07-20T00:20:34:  chatter ...................: 2
2023-07-20T00:20:34:  clobber ...................: yes
2023-07-20T00:20:34:  debug .....................: no
2023-07-20T00:20:34:  mode ......................: ql
2023-07-20T00:20:34:  logfile ...................: /home/idatauser/burtovoi/battlestar/CTA/CTA_GPS/analysis/PSR_J1838-0537/csresmap_SUBDIV_0.03_100_FOV_4.0_binsz_0.02_GAL.log
2023-07-20T00:20:34: 
2023-07-20T00:20:34: WARNING: Energy dispersion will *NOT* be considered for the computation. To consider
2023-07-20T00:20:34:          energy dispersion, please set the "edisp" parameter to "yes". Be aware that
2023-07-20T00:20:34:          using energy dispersion will considerably slow down the computations.
2023-07-20T00:20:34: 
2023-07-20T00:20:34: +=============+
2023-07-20T00:20:34: | Observation |
2023-07-20T00:20:34: +=============+
2023-07-20T00:20:34: === GObservations ===
2023-07-20T00:20:34:  Number of observations ....: 1
2023-07-20T00:20:34:  Number of models ..........: 20
2023-07-20T00:20:34:  Number of observed events .: 4520696
2023-07-20T00:20:34:  Number of predicted events : 1732286.39414532
2023-07-20T00:20:34: 
2023-07-20T00:20:34: +==============================+
2023-07-20T00:20:34: | Generate model map (ctmodel) |
2023-07-20T00:20:34: +==============================+
2023-07-20T00:22:03: 
2023-07-20T00:22:03: +===================+
2023-07-20T00:22:03: | Save residual map |
2023-07-20T00:22:03: +===================+
2023-07-20T00:22:03:  Residual map file .........: /home/idatauser/burtovoi/battlestar/CTA/CTA_GPS/analysis/PSR_J1838-0537/resmap_SUBDIV_0.03_100_FOV_4.0_binsz_0.02_GAL.fits
2023-07-20T00:22:04: 
2023-07-20T00:22:04: Application "csresmap" terminated after 90 wall clock seconds, consuming 91.8742 seconds of CPU time.
