2023-07-20T00:19:03: ********************************************************************************
2023-07-20T00:19:03: *                                   csresmap                                   *
2023-07-20T00:19:03: * ---------------------------------------------------------------------------- *
2023-07-20T00:19:03: * Version: 1.7.4                                                               *
2023-07-20T00:19:03: ********************************************************************************
2023-07-20T00:19:03: +============+
2023-07-20T00:19:03: | Parameters |
2023-07-20T00:19:03: +============+
2023-07-20T00:19:03:  inobs .....................: [not queried]
2023-07-20T00:19:03:  inmodel ...................: [not queried]
2023-07-20T00:19:03:  modcube ...................: [not queried]
2023-07-20T00:19:03:  expcube ...................: [not queried]
2023-07-20T00:19:03:  psfcube ...................: [not queried]
2023-07-20T00:19:03:  edispcube .................: [not queried]
2023-07-20T00:19:03:  bkgcube ...................: [not queried]
2023-07-20T00:19:03:  caldb .....................: [not queried]
2023-07-20T00:19:03:  irf .......................: [not queried]
2023-07-20T00:19:03:  edisp .....................: no
2023-07-20T00:19:03:  outmap ....................: /home/idatauser/burtovoi/battlestar/CTA/CTA_GPS/analysis/PSR_J1838-0537/resmap_SIGNIFICANCE_0.03_100_FOV_4.0_binsz_0.02_GAL.fits
2023-07-20T00:19:03:  ebinalg ...................: LOG
2023-07-20T00:19:03:  emin ......................: 0.03
2023-07-20T00:19:03:  emax ......................: 100
2023-07-20T00:19:03:  enumbins ..................: 20
2023-07-20T00:19:03:  ebinfile ..................: NONE
2023-07-20T00:19:03:  ebingamma .................: 1.0
2023-07-20T00:19:03:  coordsys ..................: CEL
2023-07-20T00:19:03:  proj ......................: TAN
2023-07-20T00:19:03:  xref ......................: 279.733403884583
2023-07-20T00:19:03:  yref ......................: -5.61929989166666
2023-07-20T00:19:03:  nxpix .....................: 50
2023-07-20T00:19:03:  nypix .....................: 50
2023-07-20T00:19:03:  binsz .....................: 0.02
2023-07-20T00:19:03:  algorithm .................: SIGNIFICANCE
2023-07-20T00:19:03:  publish ...................: no
2023-07-20T00:19:03:  chatter ...................: 2
2023-07-20T00:19:03:  clobber ...................: yes
2023-07-20T00:19:03:  debug .....................: no
2023-07-20T00:19:03:  mode ......................: ql
2023-07-20T00:19:03:  logfile ...................: /home/idatauser/burtovoi/battlestar/CTA/CTA_GPS/analysis/PSR_J1838-0537/csresmap_SIGNIFICANCE_0.03_100_FOV_4.0_binsz_0.02_GAL.log
2023-07-20T00:19:03: 
2023-07-20T00:19:03: WARNING: Energy dispersion will *NOT* be considered for the computation. To consider
2023-07-20T00:19:03:          energy dispersion, please set the "edisp" parameter to "yes". Be aware that
2023-07-20T00:19:03:          using energy dispersion will considerably slow down the computations.
2023-07-20T00:19:03: 
2023-07-20T00:19:03: +=============+
2023-07-20T00:19:03: | Observation |
2023-07-20T00:19:03: +=============+
2023-07-20T00:19:03: === GObservations ===
2023-07-20T00:19:03:  Number of observations ....: 1
2023-07-20T00:19:03:  Number of models ..........: 20
2023-07-20T00:19:03:  Number of observed events .: 4520696
2023-07-20T00:19:03:  Number of predicted events : 1732286.39414532
2023-07-20T00:19:03: 
2023-07-20T00:19:03: +==============================+
2023-07-20T00:19:03: | Generate model map (ctmodel) |
2023-07-20T00:19:03: +==============================+
2023-07-20T00:20:33: 
2023-07-20T00:20:33: +===================+
2023-07-20T00:20:33: | Save residual map |
2023-07-20T00:20:33: +===================+
2023-07-20T00:20:33:  Residual map file .........: /home/idatauser/burtovoi/battlestar/CTA/CTA_GPS/analysis/PSR_J1838-0537/resmap_SIGNIFICANCE_0.03_100_FOV_4.0_binsz_0.02_GAL.fits
2023-07-20T00:20:34: 
2023-07-20T00:20:34: Application "csresmap" terminated after 91 wall clock seconds, consuming 95.3748 seconds of CPU time.
