2023-07-20T01:15:36: ********************************************************************************
2023-07-20T01:15:36: *                                    csspec                                    *
2023-07-20T01:15:36: * ---------------------------------------------------------------------------- *
2023-07-20T01:15:36: * Version: 1.7.4                                                               *
2023-07-20T01:15:36: ********************************************************************************
2023-07-20T01:15:37: +============+
2023-07-20T01:15:37: | Parameters |
2023-07-20T01:15:37: +============+
2023-07-20T01:15:37:  inobs .....................: /home/idatauser/burtovoi/battlestar/CTA/CTA_GPS/analysis/PSR_J1838-0537/cntcube_0.03_100_FOV_4.0_binsz_0.02_GAL.fits
2023-07-20T01:15:37:  inmodel ...................: /home/idatauser/burtovoi/battlestar/CTA/CTA_GPS/analysis/PSR_J1838-0537/ctlike_outmodel_0.03_100_FOV_4.0_binsz_0.02_GAL.xml
2023-07-20T01:15:37:  srcname ...................: Src006
2023-07-20T01:15:37:  expcube ...................: /home/idatauser/burtovoi/battlestar/CTA/CTA_GPS/analysis/PSR_J1838-0537/expcube_0.03_100_FOV_4.0_binsz_0.02_GAL.fits
2023-07-20T01:15:37:  psfcube ...................: /home/idatauser/burtovoi/battlestar/CTA/CTA_GPS/analysis/PSR_J1838-0537/psfcube_0.03_100_FOV_4.0_binsz_0.02_GAL.fits
2023-07-20T01:15:37:  edispcube .................: [not queried]
2023-07-20T01:15:37:  bkgcube ...................: /home/idatauser/burtovoi/battlestar/CTA/CTA_GPS/analysis/PSR_J1838-0537/bkgcube_0.03_100_FOV_4.0_binsz_0.02_GAL.fits
2023-07-20T01:15:37:  caldb .....................: [not queried]
2023-07-20T01:15:37:  irf .......................: [not queried]
2023-07-20T01:15:37:  edisp .....................: no
2023-07-20T01:15:37:  outfile ...................: /home/idatauser/burtovoi/battlestar/CTA/CTA_GPS/analysis/PSR_J1838-0537/spec_0.03_100_FOV_4.0_binsz_0.02_GAL_Src006_Nbins_20.fits
2023-07-20T01:15:37:  method ....................: AUTO
2023-07-20T01:15:37:  ebinalg ...................: LOG
2023-07-20T01:15:37:  emin ......................: 0.03
2023-07-20T01:15:37:  emax ......................: 100
2023-07-20T01:15:37:  enumbins ..................: 20
2023-07-20T01:15:37:  ebinfile ..................: [not queried]
2023-07-20T01:15:37:  ebingamma .................: [not queried]
2023-07-20T01:15:37:  statistic .................: DEFAULT
2023-07-20T01:15:37:  calc_ts ...................: yes
2023-07-20T01:15:37:  calc_ulim .................: yes
2023-07-20T01:15:37:  fix_srcs ..................: yes
2023-07-20T01:15:37:  fix_bkg ...................: no
2023-07-20T01:15:37:  dll_sigstep ...............: 0.0
2023-07-20T01:15:37:  dll_sigmax ................: 5.0
2023-07-20T01:15:37:  dll_freenodes .............: no
2023-07-20T01:15:37:  nthreads ..................: 0
2023-07-20T01:15:37:  publish ...................: no
2023-07-20T01:15:37:  chatter ...................: 2
2023-07-20T01:15:37:  clobber ...................: yes
2023-07-20T01:15:37:  debug .....................: no
2023-07-20T01:15:37:  mode ......................: ql
2023-07-20T01:15:37:  logfile ...................: /home/idatauser/burtovoi/battlestar/CTA/CTA_GPS/analysis/PSR_J1838-0537/csspec_0.03_100_FOV_4.0_binsz_0.02_GAL_Src006_Nbins_20.log
2023-07-20T01:15:37: 
2023-07-20T01:15:37: WARNING: Energy dispersion will *NOT* be considered for the computation. To consider
2023-07-20T01:15:37:          energy dispersion, please set the "edisp" parameter to "yes". Be aware that
2023-07-20T01:15:37:          using energy dispersion will considerably slow down the computations.
2023-07-20T01:15:37: 
2023-07-20T01:15:37: +=================+
2023-07-20T01:15:37: | Multiprocessing |
2023-07-20T01:15:37: +=================+
2023-07-20T01:15:37:  Multiprocessing ...........: available
2023-07-20T01:15:37:  Processes available .......: 24
2023-07-20T01:15:37: 
2023-07-20T01:15:37: +=================+
2023-07-20T01:15:37: | Spectrum method |
2023-07-20T01:15:37: +=================+
2023-07-20T01:15:37:  Unbinned CTA observations .: 0
2023-07-20T01:15:37:  Binned CTA observations ...: 1
2023-07-20T01:15:37:  On/off CTA observations ...: 0
2023-07-20T01:15:37:  Other observations ........: 0
2023-07-20T01:15:37:  Selected spectrum method ..: SLICE
2023-07-20T01:15:37: 
2023-07-20T01:15:37: +===================+
2023-07-20T01:15:37: | Input observation |
2023-07-20T01:15:37: +===================+
2023-07-20T01:15:37: === GObservations ===
2023-07-20T01:15:37:  Number of observations ....: 1
2023-07-20T01:15:37:  Number of models ..........: 20
2023-07-20T01:15:37:  Number of observed events .: 4520696
2023-07-20T01:15:37:  Number of predicted events : 0
2023-07-20T01:15:37: 
2023-07-20T01:15:37: +==================+
2023-07-20T01:15:37: | Spectral binning |
2023-07-20T01:15:37: +==================+
2023-07-20T01:15:37:  Counts cube energy range ..: 30 GeV - 100 TeV
2023-07-20T01:15:37:  Bin 1 .....................: 30 GeV - 43.3762603341417 GeV
2023-07-20T01:15:37:  Bin 2 .....................: 47.5647063393904 GeV - 62.7166653525078 GeV
2023-07-20T01:15:37:  Bin 3 .....................: 68.7726361631465 GeV - 99.436659002595 GeV
2023-07-20T01:15:37:  Bin 4 .....................: 109.03834144286 GeV - 143.773013588461 GeV
2023-07-20T01:15:37:  Bin 5 .....................: 157.655849494284 GeV - 227.950705695478 GeV
2023-07-20T01:15:37:  Bin 6 .....................: 227.950705695478 GeV - 329.588305119945 GeV
2023-07-20T01:15:37:  Bin 7 .....................: 361.413612542073 GeV - 476.543604199042 GeV
2023-07-20T01:15:37:  Bin 8 .....................: 522.55903153092 GeV - 755.555219721404 GeV
2023-07-20T01:15:37:  Bin 9 .....................: 828.512229325481 GeV - 1.09243866358184 TeV
2023-07-20T01:15:37:  Bin 10 ....................: 1.19792540497474 TeV - 1.73205080756888 TeV
2023-07-20T01:15:37:  Bin 11 ....................: 1.73205080756888 TeV - 2.5043295580356 TeV
2023-07-20T01:15:37:  Bin 12 ....................: 2.74614960089725 TeV - 3.6209483623946 TeV
2023-07-20T01:15:37:  Bin 13 ....................: 3.97059000016728 TeV - 5.74097818424652 TeV
2023-07-20T01:15:37:  Bin 14 ....................: 6.29533157840256 TeV - 8.30073880975019 TeV
2023-07-20T01:15:37:  Bin 15 ....................: 9.10226471448441 TeV - 13.1607401295249 TeV
2023-07-20T01:15:37:  Bin 16 ....................: 13.1607401295249 TeV - 19.0287896682753 TeV
2023-07-20T01:15:37:  Bin 17 ....................: 20.8662246489961 TeV - 27.5132578164911 TeV
2023-07-20T01:15:37:  Bin 18 ....................: 30.1699597521846 TeV - 43.6220009493779 TeV
2023-07-20T01:15:37:  Bin 19 ....................: 47.8341758627963 TeV - 63.0719756492132 TeV
2023-07-20T01:15:37:  Bin 20 ....................: 69.1622555031256 TeV - 100 TeV
2023-07-20T01:15:37: 
2023-07-20T01:15:37: +=========================+
2023-07-20T01:15:37: | Adjust model parameters |
2023-07-20T01:15:37: +=========================+
2023-07-20T01:15:37: 
2023-07-20T01:15:37: +===================+
2023-07-20T01:15:37: | Generate spectrum |
2023-07-20T01:15:37: +===================+
2023-07-20T01:15:37: === GEbounds ===
2023-07-20T01:15:37:  Number of intervals .......: 20
2023-07-20T01:15:37:  Energy range ..............: 30 GeV - 100 TeV
2023-07-20T02:23:55:  Bin 1 .....................: 0.000000e+00 +/- 0.000000e+00 erg/cm2/s
2023-07-20T02:23:55:  Bin 2 .....................: 5.694441e-17 +/- 9.052038e-13 erg/cm2/s (TS = 0.000)
2023-07-20T02:23:55:  Bin 3 .....................: 0.000000e+00 +/- 0.000000e+00 erg/cm2/s
2023-07-20T02:23:55:  Bin 4 .....................: 6.375948e-17 +/- 2.042627e-13 erg/cm2/s (TS = 0.001)
2023-07-20T02:23:55:  Bin 5 .....................: 6.746706e-17 +/- 1.043711e-13 erg/cm2/s
2023-07-20T02:23:55:  Bin 6 .....................: 7.094324e-17 +/- 7.474210e-14 erg/cm2/s (TS = 0.000)
2023-07-20T02:23:55:  Bin 7 .....................: 7.506853e-17 +/- 5.938665e-14 erg/cm2/s (TS = 0.001)
2023-07-20T02:23:55:  Bin 8 .....................: 0.000000e+00 +/- 0.000000e+00 erg/cm2/s
2023-07-20T02:23:55:  Bin 9 .....................: 0.000000e+00 +/- 0.000000e+00 erg/cm2/s
2023-07-20T02:23:55:  Bin 10 ....................: 0.000000e+00 +/- 0.000000e+00 erg/cm2/s (TS = 0.000)
2023-07-20T02:23:55:  Bin 11 ....................: 0.000000e+00 +/- 0.000000e+00 erg/cm2/s
2023-07-20T02:23:55:  Bin 12 ....................: 0.000000e+00 +/- 0.000000e+00 erg/cm2/s
2023-07-20T02:23:55:  Bin 13 ....................: 1.047156e-16 +/- 1.602602e-14 erg/cm2/s (TS = 0.009)
2023-07-20T02:23:55:  Bin 14 ....................: 1.108047e-16 +/- 1.503656e-14 erg/cm2/s (TS = 0.012)
2023-07-20T02:23:55:  Bin 15 ....................: 0.000000e+00 +/- 0.000000e+00 erg/cm2/s
2023-07-20T02:23:55:  Bin 16 ....................: 1.232891e-16 +/- 1.395000e-14 erg/cm2/s (TS = 0.012)
2023-07-20T02:23:55:  Bin 17 ....................: 0.000000e+00 +/- 0.000000e+00 erg/cm2/s
2023-07-20T02:23:55:  Bin 18 ....................: 0.000000e+00 +/- 0.000000e+00 erg/cm2/s
2023-07-20T02:23:55:  Bin 19 ....................: 0.000000e+00 +/- 0.000000e+00 erg/cm2/s
2023-07-20T02:23:55:  Bin 20 ....................: 0.000000e+00 +/- 0.000000e+00 erg/cm2/s
2023-07-20T02:23:55: 
2023-07-20T02:23:55: Application "csspec" terminated after 4099 wall clock seconds, consuming 296.513 seconds of CPU time.
